<?xml version="1.0" encoding="UTF-8"?>
<testsuite xmlns:xsi="http://www.w3.org/2001/XMLSchema-instance" xsi:noNamespaceSchemaLocation="https://maven.apache.org/surefire/maven-surefire-plugin/xsd/surefire-test-report-3.0.xsd" version="3.0" name="com.example.accessing_data_mysql.AccessingDataMysqlApplicationTests" time="10.894" tests="1" errors="0" skipped="0" failures="0">
  <properties>
[...]
</properties>
  <testcase name="contextLoads" classname="com.example.accessing_data_mysql.AccessingDataMysqlApplicationTests" time="0.263">
    <system-out><![CDATA[21:36:16.938 [main] INFO org.springframework.test.context.support.AnnotationConfigContextLoaderUtils -- Could not detect default configuration classes for test class [com.example.accessing_data_mysql.AccessingDataMysqlApplicationTests]: AccessingDataMysqlApplicationTests does not declare any static, non-private, non-final, nested classes annotated with @Configuration.
21:36:16.999 [main] INFO org.springframework.boot.test.context.SpringBootTestContextBootstrapper -- Found @SpringBootConfiguration com.example.accessing_data_mysql.AccessingDataMysqlApplication for test class com.example.accessing_data_mysql.AccessingDataMysqlApplicationTests

  .   ____          _            __ _ _
 /\\ / ___'_ __ _ _(_)_ __  __ _ \ \ \ \
( ( )\___ | '_ | '_| | '_ \/ _` | \ \ \ \
 \\/  ___)| |_)| | | | | || (_| |  ) ) ) )
  '  |____| .__|_| |_|_| |_\__, | / / / /
 =========|_|==============|___/=/_/_/_/

 :: Spring Boot ::                (v3.3.1)

2024-08-27T21:36:17.154-07:00  INFO 1599 --- [           main] c.e.a.AccessingDataMysqlApplicationTests : Starting AccessingDataMysqlApplicationTests using Java 22.0.1 with PID 1599 (started by zhr in /Users/zhr/Desktop/accessing-data-mysql)
2024-08-27T21:36:17.154-07:00  INFO 1599 --- [           main] c.e.a.AccessingDataMysqlApplicationTests : No active profile set, falling back to 1 default profile: "default"
2024-08-27T21:36:17.364-07:00  INFO 1599 --- [           main] .s.d.r.c.RepositoryConfigurationDelegate : Bootstrapping Spring Data JPA repositories in DEFAULT mode.
2024-08-27T21:36:17.380-07:00  INFO 1599 --- [           main] .s.d.r.c.RepositoryConfigurationDelegate : Finished Spring Data repository scanning in 13 ms. Found 2 JPA repository interfaces.
2024-08-27T21:36:17.502-07:00  INFO 1599 --- [           main] org.testcontainers.images.PullPolicy     : Image pull policy will be performed by: DefaultPullPolicy()
2024-08-27T21:36:17.503-07:00  INFO 1599 --- [           main] o.t.utility.ImageNameSubstitutor         : Image name substitution will be performed by: DefaultImageNameSubstitutor (composite of 'ConfigurationFileImageNameSubstitutor' and 'PrefixingImageNameSubstitutor')
2024-08-27T21:36:17.693-07:00  INFO 1599 --- [           main] o.t.d.DockerClientProviderStrategy       : Found Docker environment with local Unix socket (unix:///var/run/docker.sock)
2024-08-27T21:36:17.694-07:00  INFO 1599 --- [           main] org.testcontainers.DockerClientFactory   : Docker host IP address is localhost
2024-08-27T21:36:17.706-07:00  INFO 1599 --- [           main] org.testcontainers.DockerClientFactory   : Connected to docker: 
  Server Version: 26.1.4
  API Version: 1.45
  Operating System: Docker Desktop
  Total Memory: 7840 MB
2024-08-27T21:36:17.723-07:00  INFO 1599 --- [           main] tc.testcontainers/ryuk:0.7.0             : Pulling docker image: testcontainers/ryuk:0.7.0. Please be patient; this may take some time but only needs to be done once.
2024-08-27T21:36:17.857-07:00  INFO 1599 --- [           main] o.t.utility.RegistryAuthLocator          : Credential helper/store (docker-credential-desktop) does not have credentials for https://index.docker.io/v1/
2024-08-27T21:36:19.177-07:00  INFO 1599 --- [tream-516338723] tc.testcontainers/ryuk:0.7.0             : Starting to pull image
2024-08-27T21:36:19.204-07:00  INFO 1599 --- [tream-516338723] tc.testcontainers/ryuk:0.7.0             : Pulling image layers:  0 pending,  0 downloaded,  0 extracted, (0 bytes/0 bytes)
2024-08-27T21:36:20.356-07:00  INFO 1599 --- [tream-516338723] tc.testcontainers/ryuk:0.7.0             : Pulling image layers:  2 pending,  1 downloaded,  0 extracted, (341 KB/? MB)
2024-08-27T21:36:20.476-07:00  INFO 1599 --- [tream-516338723] tc.testcontainers/ryuk:0.7.0             : Pulling image layers:  1 pending,  2 downloaded,  0 extracted, (3 MB/? MB)
2024-08-27T21:36:20.529-07:00  INFO 1599 --- [tream-516338723] tc.testcontainers/ryuk:0.7.0             : Pulling image layers:  0 pending,  3 downloaded,  0 extracted, (5 MB/6 MB)
2024-08-27T21:36:20.618-07:00  INFO 1599 --- [tream-516338723] tc.testcontainers/ryuk:0.7.0             : Pulling image layers:  0 pending,  3 downloaded,  1 extracted, (6 MB/6 MB)
2024-08-27T21:36:20.655-07:00  INFO 1599 --- [tream-516338723] tc.testcontainers/ryuk:0.7.0             : Pulling image layers:  0 pending,  3 downloaded,  2 extracted, (6 MB/6 MB)
2024-08-27T21:36:20.680-07:00  INFO 1599 --- [tream-516338723] tc.testcontainers/ryuk:0.7.0             : Pulling image layers:  0 pending,  3 downloaded,  3 extracted, (6 MB/6 MB)
2024-08-27T21:36:20.683-07:00  INFO 1599 --- [tream-516338723] tc.testcontainers/ryuk:0.7.0             : Pull complete. 3 layers, pulled in 1s (downloaded 6 MB at 6 MB/s)
2024-08-27T21:36:20.683-07:00  INFO 1599 --- [           main] tc.testcontainers/ryuk:0.7.0             : Image testcontainers/ryuk:0.7.0 pull took PT2.959511S
2024-08-27T21:36:20.705-07:00  INFO 1599 --- [           main] tc.testcontainers/ryuk:0.7.0             : Creating container for image: testcontainers/ryuk:0.7.0
2024-08-27T21:36:20.741-07:00  INFO 1599 --- [           main] tc.testcontainers/ryuk:0.7.0             : Container testcontainers/ryuk:0.7.0 is starting: 0a2867d18bd4b6d2257fb11b8cb452eac3ddc2a1621ab73bd7d6e373dc01d174
2024-08-27T21:36:20.861-07:00  INFO 1599 --- [           main] tc.testcontainers/ryuk:0.7.0             : Container testcontainers/ryuk:0.7.0 started in PT0.156031S
2024-08-27T21:36:20.864-07:00  INFO 1599 --- [           main] o.t.utility.RyukResourceReaper           : Ryuk started - will monitor and terminate Testcontainers containers on JVM exit
2024-08-27T21:36:20.864-07:00  INFO 1599 --- [           main] org.testcontainers.DockerClientFactory   : Checking the system...
2024-08-27T21:36:20.864-07:00  INFO 1599 --- [           main] org.testcontainers.DockerClientFactory   : ✔︎ Docker server version should be at least 1.6.0
2024-08-27T21:36:20.866-07:00  INFO 1599 --- [           main] tc.mysql:latest                          : Creating container for image: mysql:latest
2024-08-27T21:36:20.894-07:00  INFO 1599 --- [           main] tc.mysql:latest                          : Container mysql:latest is starting: fb1694be966fb413e85d06b66e2b0b71cfdac25cee15f6bcdb3cd27c7d84bf45
2024-08-27T21:36:21.039-07:00  INFO 1599 --- [           main] tc.mysql:latest                          : Waiting for database connection to become available at jdbc:mysql://localhost:49935/test using query 'SELECT 1'
2024-08-27T21:36:26.482-07:00  INFO 1599 --- [           main] tc.mysql:latest                          : Container mysql:latest started in PT5.616411S
2024-08-27T21:36:26.483-07:00  INFO 1599 --- [           main] tc.mysql:latest                          : Container is started (JDBC URL: jdbc:mysql://localhost:49935/test)
2024-08-27T21:36:26.531-07:00  INFO 1599 --- [           main] o.hibernate.jpa.internal.util.LogHelper  : HHH000204: Processing PersistenceUnitInfo [name: default]
2024-08-27T21:36:26.551-07:00  INFO 1599 --- [           main] org.hibernate.Version                    : HHH000412: Hibernate ORM core version 6.5.2.Final
2024-08-27T21:36:26.561-07:00  INFO 1599 --- [           main] o.h.c.internal.RegionFactoryInitiator    : HHH000026: Second-level cache disabled
2024-08-27T21:36:26.655-07:00  INFO 1599 --- [           main] o.s.o.j.p.SpringPersistenceUnitInfo      : No LoadTimeWeaver setup: ignoring JPA class transformer
2024-08-27T21:36:26.664-07:00  INFO 1599 --- [           main] com.zaxxer.hikari.HikariDataSource       : HikariPool-1 - Starting...
2024-08-27T21:36:26.766-07:00  INFO 1599 --- [           main] com.zaxxer.hikari.pool.HikariPool        : HikariPool-1 - Added connection com.mysql.cj.jdbc.ConnectionImpl@7ebaf0d
2024-08-27T21:36:26.767-07:00  INFO 1599 --- [           main] com.zaxxer.hikari.HikariDataSource       : HikariPool-1 - Start completed.
2024-08-27T21:36:27.119-07:00  INFO 1599 --- [           main] o.h.e.t.j.p.i.JtaPlatformInitiator       : HHH000489: No JTA platform available (set 'hibernate.transaction.jta.platform' to enable JTA platform integration)
Hibernate: create table companies (companyid integer not null, company_name varchar(255), last_update_date date, last_updaterid integer, primary key (companyid)) engine=InnoDB
Hibernate: create table companies_seq (next_val bigint) engine=InnoDB
Hibernate: insert into companies_seq values ( 1 )
Hibernate: create table leet_code_problems_seq (next_val bigint) engine=InnoDB
Hibernate: insert into leet_code_problems_seq values ( 1 )
Hibernate: create table leet_code_user_seq (next_val bigint) engine=InnoDB
Hibernate: insert into leet_code_user_seq values ( 1 )
Hibernate: create table leet_code_problems (problemid integer not null, description varchar(255), difficulty tinyint check (difficulty between 0 and 2), last_update_date date, last_updaterid integer, problem_name varchar(255), primary key (problemid)) engine=InnoDB
Hibernate: create table leet_code_user (user_id integer not null, creation_date date, email varchar(255), is_prime bit not null, password varchar(255), total_submissions integer not null, username varchar(255), primary key (user_id)) engine=InnoDB
Hibernate: create table problem_companies (problemid integer not null, companyid integer, primary key (problemid)) engine=InnoDB
Hibernate: create table submissions (submissionid integer not null, last_update_date date, last_updaterid integer, problemid integer, result tinyint check (result between 0 and 2), submission_code varchar(255), userid integer, primary key (submissionid)) engine=InnoDB
Hibernate: create table submissions_seq (next_val bigint) engine=InnoDB
Hibernate: insert into submissions_seq values ( 1 )
Hibernate: create table topics (topicid integer not null, last_update_date date, last_updaterid integer, topic_name varchar(255), primary key (topicid)) engine=InnoDB
Hibernate: create table topics_seq (next_val bigint) engine=InnoDB
Hibernate: insert into topics_seq values ( 1 )
2024-08-27T21:36:27.219-07:00  INFO 1599 --- [           main] j.LocalContainerEntityManagerFactoryBean : Initialized JPA EntityManagerFactory for persistence unit 'default'
2024-08-27T21:36:27.359-07:00  WARN 1599 --- [           main] JpaBaseConfiguration$JpaWebConfiguration : spring.jpa.open-in-view is enabled by default. Therefore, database queries may be performed during view rendering. Explicitly configure spring.jpa.open-in-view to disable this warning
2024-08-27T21:36:27.494-07:00  INFO 1599 --- [           main] c.e.a.AccessingDataMysqlApplicationTests : Started AccessingDataMysqlApplicationTests in 10.451 seconds (process running for 10.828)
]]></system-out>
    <system-err><![CDATA[WARNING: A Java agent has been loaded dynamically (/Users/zhr/.m2/repository/net/bytebuddy/byte-buddy-agent/1.14.17/byte-buddy-agent-1.14.17.jar)
WARNING: If a serviceability tool is in use, please run with -XX:+EnableDynamicAgentLoading to hide this warning
WARNING: If a serviceability tool is not in use, please run with -Djdk.instrument.traceUsage for more information
WARNING: Dynamic loading of agents will be disallowed by default in a future release
]]></system-err>
  </testcase>
</testsuite>